<?xml version="1.0" encoding="UTF-8"?>
<!-- Generated by org.testng.reporters.JUnitXMLReporter -->
<testsuite ignored="0" hostname="DESKTOP-H369NVH" failures="0" tests="3" name="Test" time="48.622" errors="0" timestamp="2021-10-29T17:50:54 IST">
  <testcase classname="pageFactoryWithoutAnnotations.LoginWithoutFindBy" name="login" time="12.829"/>
  <testcase classname="testCases.UpdateProfile" name="updateProfile" time="19.758"/>
  <testcase classname="testCases.LoginTestCase" name="login" time="15.953"/>
</testsuite> <!-- Test -->
