<?xml version="1.0" encoding="UTF-8"?>
<!-- Generated by org.testng.reporters.JUnitXMLReporter -->
<testsuite ignored="0" hostname="DESKTOP-H369NVH" failures="0" tests="3" name="Test" time="68.568" errors="0" timestamp="2022-03-12T12:12:12 IST">
  <testcase classname="pageFactoryWithoutAnnotations.LoginWithoutFindBy" name="login" time="19.296"/>
  <testcase classname="testCases.UpdateProfile" name="updateProfile" time="27.163"/>
  <testcase classname="testCases.LoginTestCase" name="login" time="22.044"/>
</testsuite> <!-- Test -->
