<?xml version="1.0" encoding="UTF-8"?>
<!-- Generated by org.testng.reporters.JUnitXMLReporter -->
<testsuite ignored="0" hostname="DESKTOP-H369NVH" failures="0" tests="4" name="LoginTest" time="27.874" errors="0" timestamp="2022-03-12T12:09:05 IST">
  <testcase classname="tests.LoginTest" name="invalidLoginTest_EmptyUser" time="4.582"/>
  <testcase classname="tests.LoginTest" name="invalidLoginTest_ValidUserInValidPassword" time="2.64"/>
  <testcase classname="tests.LoginTest" name="invalidLoginTest_InvalidUserEmptyPassword" time="2.103"/>
  <testcase classname="tests.LoginTest" name="validLoginTest_ValidUserNameValidPassword" time="5.553"/>
</testsuite> <!-- LoginTest -->
