<?xml version="1.0" encoding="UTF-8"?>
<testng-results ignored="0" total="3" passed="3" failed="0" skipped="0">
  <reporter-output>
  </reporter-output>
  <suite started-at="2021-10-29T17:50:05 IST" name="Suite" finished-at="2021-10-29T17:50:54 IST" duration-ms="48622">
    <groups>
    </groups>
    <test started-at="2021-10-29T17:50:05 IST" name="Test" finished-at="2021-10-29T17:50:54 IST" duration-ms="48622">
      <class name="testCases.LoginTestCase">
        <test-method signature="login()[pri:0, instance:testCases.LoginTestCase@2b662a77]" started-at="2021-10-29T17:50:38 IST" name="login" finished-at="2021-10-29T17:50:54 IST" duration-ms="15953" status="PASS">
          <reporter-output>
          </reporter-output>
        </test-method> <!-- login -->
      </class> <!-- testCases.LoginTestCase -->
      <class name="testCases.UpdateProfile">
        <test-method signature="updateProfile()[pri:0, instance:testCases.UpdateProfile@57a3af25]" started-at="2021-10-29T17:50:18 IST" name="updateProfile" finished-at="2021-10-29T17:50:38 IST" duration-ms="19758" status="PASS">
          <reporter-output>
          </reporter-output>
        </test-method> <!-- updateProfile -->
      </class> <!-- testCases.UpdateProfile -->
      <class name="pageFactoryWithoutAnnotations.LoginWithoutFindBy">
        <test-method signature="login()[pri:0, instance:pageFactoryWithoutAnnotations.LoginWithoutFindBy@38c6f217]" started-at="2021-10-29T17:50:05 IST" name="login" finished-at="2021-10-29T17:50:18 IST" duration-ms="12829" status="PASS">
          <reporter-output>
          </reporter-output>
        </test-method> <!-- login -->
      </class> <!-- pageFactoryWithoutAnnotations.LoginWithoutFindBy -->
    </test> <!-- Test -->
  </suite> <!-- Suite -->
</testng-results>
